<?xml version="1.0" encoding="UTF-8"?>
<!-- Generated by org.testng.reporters.JUnitReportReporter -->
<testsuite hostname="DESKTOP-SEKDPB4" failures="0" tests="7" name="tests.TestClass1" time="0.011" errors="0" timestamp="2023-09-28T20:07:16 IST" skipped="0">
  <testcase classname="tests.TestClass1" name="test4" time="0.003"/>
  <system-out/>
  <testcase classname="tests.TestClass1" name="test2" time="0.001"/>
  <system-out/>
  <testcase classname="tests.TestClass1" name="test2" time="0.001"/>
  <system-out/>
  <testcase classname="tests.TestClass1" name="test3" time="0.001"/>
  <system-out/>
  <testcase classname="tests.TestClass1" name="test1" time="0.001"/>
  <system-out/>
  <testcase classname="tests.TestClass1" name="test4" time="0.001"/>
  <system-out/>
  <testcase classname="tests.TestClass1" name="test1" time="0.003"/>
  <system-out/>
</testsuite> <!-- tests.TestClass1 -->
