<?xml version="1.0" encoding="UTF-8"?>
<!-- Generated by org.testng.reporters.JUnitReportReporter -->
<testsuite hostname="DESKTOP-SEKDPB4" failures="0" tests="2" name="tests.TestClass" time="0.012" errors="0" timestamp="2023-09-25T20:19:43 IST" skipped="0">
  <testcase classname="tests.TestClass" name="test3" time="0.002"/>
  <system-out/>
  <testcase classname="tests.TestClass" name="test2" time="0.010"/>
  <system-out/>
</testsuite> <!-- tests.TestClass -->
