<?xml version="1.0" encoding="UTF-8"?>
<!-- Generated by org.testng.reporters.JUnitReportReporter -->
<testsuite hostname="DESKTOP-SEKDPB4" failures="0" tests="4" name="tests.TestClass222" time="0.009" errors="0" timestamp="2023-09-25T20:19:43 IST" skipped="0">
  <testcase classname="tests.TestClass222" name="test3" time="0.001"/>
  <system-out/>
  <testcase classname="tests.TestClass222" name="test1" time="0.001"/>
  <system-out/>
  <testcase classname="tests.TestClass222" name="test2" time="0.003"/>
  <system-out/>
  <testcase classname="tests.TestClass222" name="test4" time="0.004"/>
  <system-out/>
</testsuite> <!-- tests.TestClass222 -->
